    0.163357770703E-02
    0.174869276973E-02
    0.184460543567E-02
    0.192926292846E-02
    0.772482670772E-03
    0.688637633140E-03
    0.815735593920E-03
    0.257428761558E-03
    0.664002765102E-03
    0.438020584747E-03
    0.224696830178E-02
    0.411413871021E-03
    0.159862364214E-02
    0.160730264486E-02
    0.158589914960E-02
    0.157978763448E-02
    0.158937676126E-02
    0.158754701850E-02
    0.158786759522E-02
    0.158795518466E-02
    0.158798363993E-02
    0.158802299407E-02
    0.158802345165E-02
    0.158802084642E-02
