 
Distance between is =    1 (Sr), ia =    1 and
 is =    1 (Sr), ia =    1 :    0.000000000    
 is =    2 (V), ia =    1 :    6.286391804    
 is =    3 (O), ia =    1 :    5.132817414    
 is =    3 (O), ia =    2 :    5.132817414    
 is =    3 (O), ia =    3 :    5.132817414    
 
Distance between is =    2 (V), ia =    1 and
 is =    1 (Sr), ia =    1 :    6.286391804    
 is =    2 (V), ia =    1 :    0.000000000    
 is =    3 (O), ia =    1 :    3.629450000    
 is =    3 (O), ia =    2 :    3.629450000    
 is =    3 (O), ia =    3 :    3.629450000    
 
Distance between is =    3 (O), ia =    1 and
 is =    1 (Sr), ia =    1 :    5.132817414    
 is =    2 (V), ia =    1 :    3.629450000    
 is =    3 (O), ia =    1 :    0.000000000    
 is =    3 (O), ia =    2 :    5.132817414    
 is =    3 (O), ia =    3 :    5.132817414    
 
Distance between is =    3 (O), ia =    2 and
 is =    1 (Sr), ia =    1 :    5.132817414    
 is =    2 (V), ia =    1 :    3.629450000    
 is =    3 (O), ia =    1 :    5.132817414    
 is =    3 (O), ia =    2 :    0.000000000    
 is =    3 (O), ia =    3 :    5.132817414    
 
Distance between is =    3 (O), ia =    3 and
 is =    1 (Sr), ia =    1 :    5.132817414    
 is =    2 (V), ia =    1 :    3.629450000    
 is =    3 (O), ia =    1 :    5.132817414    
 is =    3 (O), ia =    2 :    5.132817414    
 is =    3 (O), ia =    3 :    0.000000000    
