 
+----------------------------+
| Real-space lattice vectors |
+----------------------------+
 
vector a1 :    7.258900000       0.000000000       0.000000000    
vector a2 :    0.000000000       7.258900000       0.000000000    
vector a3 :    0.000000000       0.000000000       7.258900000    
 
Stored column-wise as a matrix :
   7.258900000       0.000000000       0.000000000    
   0.000000000       7.258900000       0.000000000    
   0.000000000       0.000000000       7.258900000    
 
Inverse of matrix :
  0.1377619199       0.000000000       0.000000000    
   0.000000000      0.1377619199       0.000000000    
   0.000000000       0.000000000      0.1377619199    
 
Unit cell volume :    382.4832673    
 
 
+----------------------------------+
| Reciprocal-space lattice vectors |
+----------------------------------+
 
vector b1 :   0.8655836707       0.000000000       0.000000000    
vector b2 :    0.000000000      0.8655836707       0.000000000    
vector b3 :    0.000000000       0.000000000      0.8655836707    
 
Stored column-wise as a matrix :
  0.8655836707       0.000000000       0.000000000    
   0.000000000      0.8655836707       0.000000000    
   0.000000000       0.000000000      0.8655836707    
 
Inverse of matrix :
   1.155289816       0.000000000       0.000000000    
   0.000000000       1.155289816       0.000000000    
   0.000000000       0.000000000       1.155289816    
 
Brillouin zone volume :   0.6485256602    
