 
Species :    1 (Sr), atom :    1
 APW functions :
  l =  0, energy derivative =  0 :   0.2378294688    
  l =  1, energy derivative =  0 :   0.2378294688    
  l =  2, energy derivative =  0 :   0.2378294688    
  l =  3, energy derivative =  0 :   0.2378294688    
  l =  4, energy derivative =  0 :   0.2378294688    
  l =  5, energy derivative =  0 :   0.2378294688    
  l =  6, energy derivative =  0 :   0.2378294688    
  l =  7, energy derivative =  0 :   0.2378294688    
  l =  8, energy derivative =  0 :   0.2378294688    
  l =  9, energy derivative =  0 :   0.2378294688    
 local-orbital functions :
  l.o. =  1, l =  0, energy derivative =  0 :   0.2378294688    
  l.o. =  1, l =  0, energy derivative =  1 :   0.2378294688    
  l.o. =  2, l =  1, energy derivative =  0 :   0.2378294688    
  l.o. =  2, l =  1, energy derivative =  1 :   0.2378294688    
  l.o. =  3, l =  0, energy derivative =  0 :   0.2378294688    
  l.o. =  3, l =  0, energy derivative =  0 :  -0.9130972869    
  l.o. =  4, l =  1, energy derivative =  0 :   0.2378294688    
  l.o. =  4, l =  1, energy derivative =  0 :  -0.2291327088    
  l.o. =  5, l =  2, energy derivative =  0 :   0.2378294688    
  l.o. =  5, l =  2, energy derivative =  1 :   0.2378294688    
  l.o. =  6, l =  3, energy derivative =  0 :   0.2378294688    
  l.o. =  6, l =  3, energy derivative =  1 :   0.2378294688    
  l.o. =  7, l =  0, energy derivative =  0 :    1.766165889    
  l.o. =  7, l =  0, energy derivative =  1 :    1.766165889    
  l.o. =  7, l =  0, energy derivative =  2 :    1.766165889    
  l.o. =  8, l =  1, energy derivative =  0 :    2.339769187    
  l.o. =  8, l =  1, energy derivative =  1 :    2.339769187    
  l.o. =  8, l =  1, energy derivative =  2 :    2.339769187    
  l.o. =  9, l =  2, energy derivative =  0 :   0.8014468388    
  l.o. =  9, l =  2, energy derivative =  1 :   0.8014468388    
  l.o. =  9, l =  2, energy derivative =  2 :   0.8014468388    
  l.o. = 10, l =  3, energy derivative =  0 :    1.819880743    
  l.o. = 10, l =  3, energy derivative =  1 :    1.819880743    
  l.o. = 10, l =  3, energy derivative =  2 :    1.819880743    
  l.o. = 11, l =  4, energy derivative =  0 :    3.203891061    
  l.o. = 11, l =  4, energy derivative =  1 :    3.203891061    
  l.o. = 11, l =  4, energy derivative =  2 :    3.203891061    
  l.o. = 12, l =  5, energy derivative =  0 :    4.612253084    
  l.o. = 12, l =  5, energy derivative =  1 :    4.612253084    
  l.o. = 12, l =  5, energy derivative =  2 :    4.612253084    
  l.o. = 13, l =  6, energy derivative =  0 :    6.144167678    
  l.o. = 13, l =  6, energy derivative =  1 :    6.144167678    
  l.o. = 13, l =  6, energy derivative =  2 :    6.144167678    
  l.o. = 14, l =  7, energy derivative =  0 :    7.821746662    
  l.o. = 14, l =  7, energy derivative =  1 :    7.821746662    
  l.o. = 14, l =  7, energy derivative =  2 :    7.821746662    
 
Species :    2 (V), atom :    1
 APW functions :
  l =  0, energy derivative =  0 :   0.2378294688    
  l =  1, energy derivative =  0 :   0.2378294688    
  l =  2, energy derivative =  0 :   0.2378294688    
  l =  3, energy derivative =  0 :   0.2378294688    
  l =  4, energy derivative =  0 :   0.2378294688    
  l =  5, energy derivative =  0 :   0.2378294688    
  l =  6, energy derivative =  0 :   0.2378294688    
  l =  7, energy derivative =  0 :   0.2378294688    
  l =  8, energy derivative =  0 :   0.2378294688    
  l =  9, energy derivative =  0 :   0.2378294688    
 local-orbital functions :
  l.o. =  1, l =  0, energy derivative =  0 :   0.2378294688    
  l.o. =  1, l =  0, energy derivative =  1 :   0.2378294688    
  l.o. =  2, l =  1, energy derivative =  0 :   0.2378294688    
  l.o. =  2, l =  1, energy derivative =  1 :   0.2378294688    
  l.o. =  3, l =  2, energy derivative =  0 :   0.2378294688    
  l.o. =  3, l =  2, energy derivative =  1 :   0.2378294688    
  l.o. =  4, l =  0, energy derivative =  0 :   0.2378294688    
  l.o. =  4, l =  0, energy derivative =  0 :   -2.053070434    
  l.o. =  5, l =  1, energy derivative =  0 :   0.2378294688    
  l.o. =  5, l =  1, energy derivative =  0 :   -1.093018233    
  l.o. =  6, l =  3, energy derivative =  0 :   0.2378294688    
  l.o. =  6, l =  3, energy derivative =  1 :   0.2378294688    
  l.o. =  7, l =  4, energy derivative =  0 :   0.2378294688    
  l.o. =  7, l =  4, energy derivative =  1 :   0.2378294688    
  l.o. =  8, l =  0, energy derivative =  0 :    2.077016972    
  l.o. =  8, l =  0, energy derivative =  1 :    2.077016972    
  l.o. =  8, l =  0, energy derivative =  2 :    2.077016972    
  l.o. =  9, l =  1, energy derivative =  0 :    2.615299517    
  l.o. =  9, l =  1, energy derivative =  1 :    2.615299517    
  l.o. =  9, l =  1, energy derivative =  2 :    2.615299517    
  l.o. = 10, l =  2, energy derivative =  0 :   0.4072175298    
  l.o. = 10, l =  2, energy derivative =  1 :   0.4072175298    
  l.o. = 10, l =  2, energy derivative =  2 :   0.4072175298    
  l.o. = 11, l =  3, energy derivative =  0 :    3.039744801    
  l.o. = 11, l =  3, energy derivative =  1 :    3.039744801    
  l.o. = 11, l =  3, energy derivative =  2 :    3.039744801    
  l.o. = 12, l =  4, energy derivative =  0 :    5.131183230    
  l.o. = 12, l =  4, energy derivative =  1 :    5.131183230    
  l.o. = 12, l =  4, energy derivative =  2 :    5.131183230    
  l.o. = 13, l =  5, energy derivative =  0 :    7.361072124    
  l.o. = 13, l =  5, energy derivative =  1 :    7.361072124    
  l.o. = 13, l =  5, energy derivative =  2 :    7.361072124    
  l.o. = 14, l =  6, energy derivative =  0 :    9.811044432    
  l.o. = 14, l =  6, energy derivative =  1 :    9.811044432    
  l.o. = 14, l =  6, energy derivative =  2 :    9.811044432    
  l.o. = 15, l =  7, energy derivative =  0 :    12.50455848    
  l.o. = 15, l =  7, energy derivative =  1 :    12.50455848    
  l.o. = 15, l =  7, energy derivative =  2 :    12.50455848    
 
Species :    3 (O), atom :    1
 APW functions :
  l =  0, energy derivative =  0 :   0.2378294688    
  l =  1, energy derivative =  0 :   0.2378294688    
  l =  2, energy derivative =  0 :   0.2378294688    
  l =  3, energy derivative =  0 :   0.2378294688    
  l =  4, energy derivative =  0 :   0.2378294688    
  l =  5, energy derivative =  0 :   0.2378294688    
  l =  6, energy derivative =  0 :   0.2378294688    
  l =  7, energy derivative =  0 :   0.2378294688    
  l =  8, energy derivative =  0 :   0.2378294688    
  l =  9, energy derivative =  0 :   0.2378294688    
 local-orbital functions :
  l.o. =  1, l =  0, energy derivative =  0 :   0.2378294688    
  l.o. =  1, l =  0, energy derivative =  1 :   0.2378294688    
  l.o. =  2, l =  1, energy derivative =  0 :   0.2378294688    
  l.o. =  2, l =  1, energy derivative =  1 :   0.2378294688    
  l.o. =  3, l =  0, energy derivative =  0 :   0.2378294688    
  l.o. =  3, l =  0, energy derivative =  0 :  -0.3003882034E-01
  l.o. =  4, l =  2, energy derivative =  0 :   0.2378294688    
  l.o. =  4, l =  2, energy derivative =  1 :   0.2378294688    
  l.o. =  5, l =  3, energy derivative =  0 :   0.2378294688    
  l.o. =  5, l =  3, energy derivative =  1 :   0.2378294688    
  l.o. =  6, l =  0, energy derivative =  0 :  -0.3003882034E-01
  l.o. =  6, l =  0, energy derivative =  1 :  -0.3003882034E-01
  l.o. =  6, l =  0, energy derivative =  2 :  -0.3003882034E-01
  l.o. =  7, l =  1, energy derivative =  0 :   0.5183802818    
  l.o. =  7, l =  1, energy derivative =  1 :   0.5183802818    
  l.o. =  7, l =  1, energy derivative =  2 :   0.5183802818    
  l.o. =  8, l =  2, energy derivative =  0 :    3.748966612    
  l.o. =  8, l =  2, energy derivative =  1 :    3.748966612    
  l.o. =  8, l =  2, energy derivative =  2 :    3.748966612    
  l.o. =  9, l =  3, energy derivative =  0 :    6.763695741    
  l.o. =  9, l =  3, energy derivative =  1 :    6.763695741    
  l.o. =  9, l =  3, energy derivative =  2 :    6.763695741    
  l.o. = 10, l =  4, energy derivative =  0 :    10.12800005    
  l.o. = 10, l =  4, energy derivative =  1 :    10.12800005    
  l.o. = 10, l =  4, energy derivative =  2 :    10.12800005    
  l.o. = 11, l =  5, energy derivative =  0 :    13.92607190    
  l.o. = 11, l =  5, energy derivative =  1 :    13.92607190    
  l.o. = 11, l =  5, energy derivative =  2 :    13.92607190    
  l.o. = 12, l =  6, energy derivative =  0 :    18.18101831    
  l.o. = 12, l =  6, energy derivative =  1 :    18.18101831    
  l.o. = 12, l =  6, energy derivative =  2 :    18.18101831    
  l.o. = 13, l =  7, energy derivative =  0 :    22.90020292    
  l.o. = 13, l =  7, energy derivative =  1 :    22.90020292    
  l.o. = 13, l =  7, energy derivative =  2 :    22.90020292    
 
Species :    3 (O), atom :    2
 APW functions :
  l =  0, energy derivative =  0 :   0.2378294688    
  l =  1, energy derivative =  0 :   0.2378294688    
  l =  2, energy derivative =  0 :   0.2378294688    
  l =  3, energy derivative =  0 :   0.2378294688    
  l =  4, energy derivative =  0 :   0.2378294688    
  l =  5, energy derivative =  0 :   0.2378294688    
  l =  6, energy derivative =  0 :   0.2378294688    
  l =  7, energy derivative =  0 :   0.2378294688    
  l =  8, energy derivative =  0 :   0.2378294688    
  l =  9, energy derivative =  0 :   0.2378294688    
 local-orbital functions :
  l.o. =  1, l =  0, energy derivative =  0 :   0.2378294688    
  l.o. =  1, l =  0, energy derivative =  1 :   0.2378294688    
  l.o. =  2, l =  1, energy derivative =  0 :   0.2378294688    
  l.o. =  2, l =  1, energy derivative =  1 :   0.2378294688    
  l.o. =  3, l =  0, energy derivative =  0 :   0.2378294688    
  l.o. =  3, l =  0, energy derivative =  0 :  -0.3003882034E-01
  l.o. =  4, l =  2, energy derivative =  0 :   0.2378294688    
  l.o. =  4, l =  2, energy derivative =  1 :   0.2378294688    
  l.o. =  5, l =  3, energy derivative =  0 :   0.2378294688    
  l.o. =  5, l =  3, energy derivative =  1 :   0.2378294688    
  l.o. =  6, l =  0, energy derivative =  0 :  -0.3003882034E-01
  l.o. =  6, l =  0, energy derivative =  1 :  -0.3003882034E-01
  l.o. =  6, l =  0, energy derivative =  2 :  -0.3003882034E-01
  l.o. =  7, l =  1, energy derivative =  0 :   0.5183802818    
  l.o. =  7, l =  1, energy derivative =  1 :   0.5183802818    
  l.o. =  7, l =  1, energy derivative =  2 :   0.5183802818    
  l.o. =  8, l =  2, energy derivative =  0 :    3.748966612    
  l.o. =  8, l =  2, energy derivative =  1 :    3.748966612    
  l.o. =  8, l =  2, energy derivative =  2 :    3.748966612    
  l.o. =  9, l =  3, energy derivative =  0 :    6.763695741    
  l.o. =  9, l =  3, energy derivative =  1 :    6.763695741    
  l.o. =  9, l =  3, energy derivative =  2 :    6.763695741    
  l.o. = 10, l =  4, energy derivative =  0 :    10.12800005    
  l.o. = 10, l =  4, energy derivative =  1 :    10.12800005    
  l.o. = 10, l =  4, energy derivative =  2 :    10.12800005    
  l.o. = 11, l =  5, energy derivative =  0 :    13.92607190    
  l.o. = 11, l =  5, energy derivative =  1 :    13.92607190    
  l.o. = 11, l =  5, energy derivative =  2 :    13.92607190    
  l.o. = 12, l =  6, energy derivative =  0 :    18.18101831    
  l.o. = 12, l =  6, energy derivative =  1 :    18.18101831    
  l.o. = 12, l =  6, energy derivative =  2 :    18.18101831    
  l.o. = 13, l =  7, energy derivative =  0 :    22.90020292    
  l.o. = 13, l =  7, energy derivative =  1 :    22.90020292    
  l.o. = 13, l =  7, energy derivative =  2 :    22.90020292    
 
Species :    3 (O), atom :    3
 APW functions :
  l =  0, energy derivative =  0 :   0.2378294688    
  l =  1, energy derivative =  0 :   0.2378294688    
  l =  2, energy derivative =  0 :   0.2378294688    
  l =  3, energy derivative =  0 :   0.2378294688    
  l =  4, energy derivative =  0 :   0.2378294688    
  l =  5, energy derivative =  0 :   0.2378294688    
  l =  6, energy derivative =  0 :   0.2378294688    
  l =  7, energy derivative =  0 :   0.2378294688    
  l =  8, energy derivative =  0 :   0.2378294688    
  l =  9, energy derivative =  0 :   0.2378294688    
 local-orbital functions :
  l.o. =  1, l =  0, energy derivative =  0 :   0.2378294688    
  l.o. =  1, l =  0, energy derivative =  1 :   0.2378294688    
  l.o. =  2, l =  1, energy derivative =  0 :   0.2378294688    
  l.o. =  2, l =  1, energy derivative =  1 :   0.2378294688    
  l.o. =  3, l =  0, energy derivative =  0 :   0.2378294688    
  l.o. =  3, l =  0, energy derivative =  0 :  -0.3003882034E-01
  l.o. =  4, l =  2, energy derivative =  0 :   0.2378294688    
  l.o. =  4, l =  2, energy derivative =  1 :   0.2378294688    
  l.o. =  5, l =  3, energy derivative =  0 :   0.2378294688    
  l.o. =  5, l =  3, energy derivative =  1 :   0.2378294688    
  l.o. =  6, l =  0, energy derivative =  0 :  -0.3003882034E-01
  l.o. =  6, l =  0, energy derivative =  1 :  -0.3003882034E-01
  l.o. =  6, l =  0, energy derivative =  2 :  -0.3003882034E-01
  l.o. =  7, l =  1, energy derivative =  0 :   0.5183802818    
  l.o. =  7, l =  1, energy derivative =  1 :   0.5183802818    
  l.o. =  7, l =  1, energy derivative =  2 :   0.5183802818    
  l.o. =  8, l =  2, energy derivative =  0 :    3.748966612    
  l.o. =  8, l =  2, energy derivative =  1 :    3.748966612    
  l.o. =  8, l =  2, energy derivative =  2 :    3.748966612    
  l.o. =  9, l =  3, energy derivative =  0 :    6.763695741    
  l.o. =  9, l =  3, energy derivative =  1 :    6.763695741    
  l.o. =  9, l =  3, energy derivative =  2 :    6.763695741    
  l.o. = 10, l =  4, energy derivative =  0 :    10.12800005    
  l.o. = 10, l =  4, energy derivative =  1 :    10.12800005    
  l.o. = 10, l =  4, energy derivative =  2 :    10.12800005    
  l.o. = 11, l =  5, energy derivative =  0 :    13.92607190    
  l.o. = 11, l =  5, energy derivative =  1 :    13.92607190    
  l.o. = 11, l =  5, energy derivative =  2 :    13.92607190    
  l.o. = 12, l =  6, energy derivative =  0 :    18.18101831    
  l.o. = 12, l =  6, energy derivative =  1 :    18.18101831    
  l.o. = 12, l =  6, energy derivative =  2 :    18.18101831    
  l.o. = 13, l =  7, energy derivative =  0 :    22.90020292    
  l.o. = 13, l =  7, energy derivative =  1 :    22.90020292    
  l.o. = 13, l =  7, energy derivative =  2 :    22.90020292    
