    -4353.48927577    
    -4353.53685322    
    -4353.43989716    
    -4352.07954618    
    -4350.26021543    
    -4348.68857170    
    -4348.64059908    
    -4348.20058217    
    -4348.28175273    
    -4348.30813013    
    -4348.31544338    
    -4348.34803896    
    -4348.35957211    
    -4348.34643482    
    -4348.34957690    
    -4348.35551539    
    -4348.35174091    
    -4348.35346322    
    -4348.35301763    
    -4348.35311973    
    -4348.35317000    
    -4348.35314134    
    -4348.35314227    
    -4348.35314130    
